build/app/outputs/mapping/release/mapping.txt
# compiler: R8
# compiler_version: 1.5.69
# min_api: 16
# pg_map_id: ecd46e5
...
androidx.activity.Cancellable -> androidx.activity.a:
androidx.activity.ComponentActivity -> androidx.activity.ComponentActivity:
    androidx.activity.OnBackPressedDispatcher mOnBackPressedDispatcher -> e
    androidx.lifecycle.ViewModelStore mViewModelStore -> d
    int mContentLayoutId -> f
    androidx.savedstate.SavedStateRegistryController mSavedStateRegistryController -> c
    androidx.lifecycle.LifecycleRegistry mLifecycleRegistry -> b
    void access$001(androidx.activity.ComponentActivity) -> a
    androidx.lifecycle.Lifecycle getLifecycle() -> a
    androidx.activity.OnBackPressedDispatcher getOnBackPressedDispatcher() -> b
    androidx.savedstate.SavedStateRegistry getSavedStateRegistry() -> c
    androidx.lifecycle.ViewModelStore getViewModelStore() -> d
    java.lang.Object onRetainCustomNonConfigurationInstance() -> e
androidx.activity.ComponentActivity$1 -> androidx.activity.ComponentActivity$a:
    androidx.activity.ComponentActivity this$0 -> a
androidx.activity.ComponentActivity$2 -> androidx.activity.ComponentActivity$2:
    androidx.activity.ComponentActivity this$0 -> a
    void onStateChanged(androidx.lifecycle.LifecycleOwner,androidx.lifecycle.Lifecycle$Event) -> a
androidx.activity.ComponentActivity$3 -> androidx.activity.ComponentActivity$3:
    androidx.activity.ComponentActivity this$0 -> a
    void onStateChanged(androidx.lifecycle.LifecycleOwner,androidx.lifecycle.Lifecycle$Event) -> a
androidx.activity.ComponentActivity$NonConfigurationInstances -> androidx.activity.ComponentActivity$b:
    androidx.lifecycle.ViewModelStore viewModelStore -> a
androidx.activity.ImmLeaksCleaner -> androidx.activity.ImmLeaksCleaner:
    java.lang.reflect.Field sServedViewField -> d
    java.lang.reflect.Field sNextServedViewField -> e
    java.lang.reflect.Field sHField -> c
    int sReflectedFieldsInitialized -> b
    android.app.Activity mActivity -> a
    void initializeReflectiveFields() -> a
    void onStateChanged(androidx.lifecycle.LifecycleOwner,androidx.lifecycle.Lifecycle$Event) -> a
androidx.activity.OnBackPressedCallback -> androidx.activity.b:
    boolean mEnabled -> a
    java.util.concurrent.CopyOnWriteArrayList mCancellables -> b
    void addCancellable(androidx.activity.Cancellable) -> a
    void handleOnBackPressed() -> a
    void setEnabled(boolean) -> a
    boolean isEnabled() -> b
    void removeCancellable(androidx.activity.Cancellable) -> b
    void remove() -> c
androidx.activity.OnBackPressedDispatcher -> androidx.activity.OnBackPressedDispatcher:
    java.lang.Runnable mFallbackOnBackPressed -> a
    java.util.ArrayDeque mOnBackPressedCallbacks -> b
    void addCallback(androidx.lifecycle.LifecycleOwner,androidx.activity.OnBackPressedCallback) -> a
    androidx.activity.Cancellable addCancellableCallback(androidx.activity.OnBackPressedCallback) -> a
    void onBackPressed() -> a
androidx.activity.OnBackPressedDispatcher$LifecycleOnBackPressedCancellable -> androidx.activity.OnBackPressedDispatcher$LifecycleOnBackPressedCancellable:
    androidx.lifecycle.Lifecycle mLifecycle -> a
    androidx.activity.OnBackPressedCallback mOnBackPressedCallback -> b
    androidx.activity.OnBackPressedDispatcher this$0 -> d
    androidx.activity.Cancellable mCurrentCancellable -> c
    void onStateChanged(androidx.lifecycle.LifecycleOwner,androidx.lifecycle.Lifecycle$Event) -> a
androidx.activity.OnBackPressedDispatcher$OnBackPressedCancellable -> androidx.activity.OnBackPressedDispatcher$a:
    androidx.activity.OnBackPressedCallback mOnBackPressedCallback -> a
    androidx.activity.OnBackPressedDispatcher this$0 -> b
androidx.activity.OnBackPressedDispatcherOwner -> androidx.activity.c:
    androidx.activity.OnBackPressedDispatcher getOnBackPressedDispatcher() -> b